<?xml version="1.0" encoding="UTF-8"?>
<!-- Generated by org.testng.reporters.JUnitXMLReporter -->
<testsuite ignored="0" hostname="LIN41005211" failures="0" tests="4" name="Default test" time="2.731" errors="0" timestamp="2022-06-22T09:51:18 IST">
  <testcase classname="com.AllMethod.AllExecutionDetails" name="VerifyGet" time="2.475"/>
  <testcase classname="com.AllMethod.AllExecutionDetails" name="VerifyPost" time="0.109"/>
  <testcase classname="com.AllMethod.AllExecutionDetails" name="VerifyPut" time="0.036"/>
  <testcase classname="com.AllMethod.AllExecutionDetails" name="VerifyDelete" time="0.053"/>
</testsuite> <!-- Default test -->
